<?xml version="1.0" encoding="UTF-8"?>
<testng-results skipped="0" failed="0" ignored="0" total="1" passed="1">
  <reporter-output>
  </reporter-output>
  <suite name="Default suite" duration-ms="204542" started-at="2021-12-22T14:18:15Z" finished-at="2021-12-22T14:21:40Z">
    <groups>
    </groups>
    <test name="Default test" duration-ms="204542" started-at="2021-12-22T14:18:15Z" finished-at="2021-12-22T14:21:40Z">
      <class name="VIDEO.OTT.OTTVideoplaybackTest">
        <test-method status="PASS" signature="openBrowser()[pri:0, instance:VIDEO.OTT.OTTVideoplaybackTest@5f049ea1]" name="openBrowser" is-config="true" duration-ms="4534" started-at="2021-12-22T14:18:15Z" finished-at="2021-12-22T14:18:20Z">
          <reporter-output>
          </reporter-output>
        </test-method> <!-- openBrowser -->
        <test-method status="PASS" signature="OTTVideoTesting()[pri:0, instance:VIDEO.OTT.OTTVideoplaybackTest@5f049ea1]" name="OTTVideoTesting" duration-ms="199982" started-at="2021-12-22T14:18:20Z" finished-at="2021-12-22T14:21:40Z">
          <reporter-output>
          </reporter-output>
        </test-method> <!-- OTTVideoTesting -->
        <test-method status="PASS" signature="closeBrowser()[pri:0, instance:VIDEO.OTT.OTTVideoplaybackTest@5f049ea1]" name="closeBrowser" is-config="true" duration-ms="1" started-at="2021-12-22T14:21:40Z" finished-at="2021-12-22T14:21:40Z">
          <reporter-output>
          </reporter-output>
        </test-method> <!-- closeBrowser -->
      </class> <!-- VIDEO.OTT.OTTVideoplaybackTest -->
    </test> <!-- Default test -->
  </suite> <!-- Default suite -->
</testng-results>
